


ARM Macro Assembler    Page 1 


    1 00000000         ;Program to count for negative number
    2 00000000                 AREA             NEGATIVE, CODE, READONLY
    3 00000000         ENTRY
    4 00000000 E3A01006        MOV              R1,#06      ; N=6 Counter
    5 00000004 E3A05000        MOV              R5,#00      ; result (number of
                                                             negative numbers)
    6 00000008 E3A02101        MOV              R2,#0x40000000
    7 0000000C         
    8 0000000C E5923000 
                       LOOP    LDR              R3, [R2]
    9 00000010 E2133102        ANDS             R3,R3,#01<<31
   10 00000014 8A000000        BHI              FOUND
   11 00000018 EA000000        B                LOOP1
   12 0000001C         
   13 0000001C         FOUND
   14 0000001C E2855001        ADD              R5,R5,#01
   15 00000020         
   16 00000020         LOOP1
   17 00000020 E2822004        ADD              R2,R2,#04
   18 00000024 E2511001        SUBS             R1,R1,#01
   19 00000028 E3510000        CMP              R1, #00
   20 0000002C 1AFFFFF6        BNE              LOOP
   21 00000030         
   22 00000030 EF000011        SWI              &11
   23 00000034                 END
Command Line: --debug --xref --diag_suppress=9931 --apcs=interwork --depend=".\
objects\18-count negative numbers.d" -o".\objects\18-count negative numbers.o" 
-IC:\Keil_v5\ARM\RV31\INC -IC:\Keil_v5\ARM\CMSIS\Include -IC:\Keil_v5\ARM\INC\P
hilips --predefine="__EVAL SETA 1" --predefine="__UVISION_VERSION SETA 529" --l
ist=.\listings\18-count negative numbers.lst "18-count negative numbers.s"



ARM Macro Assembler    Page 1 Alphabetic symbol ordering
Relocatable symbols

ENTRY 00000000

Symbol: ENTRY
   Definitions
      At line 3 in file 18-count
   Uses
      None
Comment: ENTRY unused
FOUND 0000001C

Symbol: FOUND
   Definitions
      At line 13 in file 18-count
   Uses
      At line 10 in file 18-count
Comment: FOUND used once
LOOP 0000000C

Symbol: LOOP
   Definitions
      At line 8 in file 18-count
   Uses
      At line 20 in file 18-count
Comment: LOOP used once
LOOP1 00000020

Symbol: LOOP1
   Definitions
      At line 16 in file 18-count
   Uses
      At line 11 in file 18-count
Comment: LOOP1 used once
NEGATIVE 00000000

Symbol: NEGATIVE
   Definitions
      At line 2 in file 18-count
   Uses
      None
Comment: NEGATIVE unused
5 symbols
337 symbols in table
