


ARM Macro Assembler    Page 1 


    1 00000000         ;Program to count number of 0's and 1's
    2 00000000                 AREA             ZEROONE, CODE, READONLY
    3 00000000         ENTRY
    4 00000000 E3A02000        MOV              R2, #00     ;counter for ones
    5 00000004 E3A03000        MOV              R3, #00     ;counter for zeroS
    6 00000008 E3A07001        MOV              R7, #01
    7 0000000C E59F6040        LDR              R6, =VALUE
    8 00000010         
    9 00000010 E3A01020 
                       LOOP1   MOV              R1, #32
   10 00000014 E5960000        LDR              R0, [R6]
   11 00000018         
   12 00000018 E1B000E0 
                       LOOP2   MOVS             R0,R0,ROR #01
   13 0000001C 8A000001        BHI              ONES
   14 00000020 E2833001        ADD              R3, R3, #01
   15 00000024 EA000000        B                LOOP3
   16 00000028         
   17 00000028 E2822001 
                       ONES    ADD              R2, R2, #01
   18 0000002C         
   19 0000002C E2511001 
                       LOOP3   SUBS             R1, R1, #01
   20 00000030 1AFFFFF8        BNE              LOOP2
   21 00000034 E2577001        SUBS             R7, R7, #01
   22 00000038 E3570000        CMP              R7, #00
   23 0000003C 1AFFFFF3        BNE              LOOP1
   24 00000040 E1A00000        NOP
   25 00000044 E1A00000        NOP
   26 00000048 E1A00000        NOP
   27 0000004C EF000011        SWI              &11
   28 00000050         
   29 00000050 0000000F 
                       VALUE   DCD              0x0000000F
   30 00000054                 END
              00000000 
Command Line: --debug --xref --diag_suppress=9931 --apcs=interwork --depend=".\
objects\20-count zero and one.d" -o".\objects\20-count zero and one.o" -IC:\Kei
l_v5\ARM\RV31\INC -IC:\Keil_v5\ARM\CMSIS\Include -IC:\Keil_v5\ARM\INC\Philips -
-predefine="__EVAL SETA 1" --predefine="__UVISION_VERSION SETA 529" --list=.\li
stings\20-count zero and one.lst "20-count zero and one.s"



ARM Macro Assembler    Page 1 Alphabetic symbol ordering
Relocatable symbols

ENTRY 00000000

Symbol: ENTRY
   Definitions
      At line 3 in file 20-count
   Uses
      None
Comment: ENTRY unused
LOOP1 00000010

Symbol: LOOP1
   Definitions
      At line 9 in file 20-count
   Uses
      At line 23 in file 20-count
Comment: LOOP1 used once
LOOP2 00000018

Symbol: LOOP2
   Definitions
      At line 12 in file 20-count
   Uses
      At line 20 in file 20-count
Comment: LOOP2 used once
LOOP3 0000002C

Symbol: LOOP3
   Definitions
      At line 19 in file 20-count
   Uses
      At line 15 in file 20-count
Comment: LOOP3 used once
ONES 00000028

Symbol: ONES
   Definitions
      At line 17 in file 20-count
   Uses
      At line 13 in file 20-count
Comment: ONES used once
VALUE 00000050

Symbol: VALUE
   Definitions
      At line 29 in file 20-count
   Uses
      At line 7 in file 20-count
Comment: VALUE used once
ZEROONE 00000000

Symbol: ZEROONE
   Definitions
      At line 2 in file 20-count
   Uses
      None
Comment: ZEROONE unused
7 symbols
341 symbols in table
